<?xml version="1.0" encoding="UTF-8"?>
<testsuite name="CheckDataTest" tests="1" skipped="0" failures="0" errors="0" timestamp="2020-05-15T17:39:16" hostname="DESKTOP-AO4LI05" time="0.023">
  <properties/>
  <testcase name="verifyData" classname="CheckDataTest" time="0.023"/>
  <system-out><![CDATA[]]></system-out>
  <system-err><![CDATA[]]></system-err>
</testsuite>
