<?xml version="1.0" encoding="UTF-8"?>
<testsuite name="FilesWritingAndReadingTest" tests="4" skipped="0" failures="0" errors="0" timestamp="2020-05-19T12:00:43" hostname="DESKTOP-AO4LI05" time="0.023">
  <properties/>
  <testcase name="readObjectsTest" classname="FilesWritingAndReadingTest" time="0.002"/>
  <testcase name="messageTest" classname="FilesWritingAndReadingTest" time="0.001"/>
  <testcase name="fileIntegrityTest" classname="FilesWritingAndReadingTest" time="0.004"/>
  <testcase name="logInTest" classname="FilesWritingAndReadingTest" time="0.014"/>
  <system-out><![CDATA[1111111111
]]></system-out>
  <system-err><![CDATA[]]></system-err>
</testsuite>
