<?xml version="1.0" encoding="UTF-8"?>
<testsuite name="ReadOrderTest" tests="1" skipped="0" failures="0" errors="0" timestamp="2020-05-15T19:00:39" hostname="DESKTOP-AO4LI05" time="0.001">
  <properties/>
  <testcase name="getData" classname="ReadOrderTest" time="0.001"/>
  <system-out><![CDATA[]]></system-out>
  <system-err><![CDATA[]]></system-err>
</testsuite>
